This file contains any messages produced by compilers while
running configure, to aid debugging if configure makes a mistake.

It was created by configure, which was
generated by GNU Autoconf 2.68.  Invocation command line was

  $ ./configure --disable-option-checking --prefix=/usr/local --with-boost=/home/g/workspace/code/firtex2/external CPPFLAGS=-I/home/g/workspace/code/firtex2/external/libevent -I/home/g/workspace/code/firtex2/external/libevent/include -I/home/g/workspace/code/firtex2/external/libevent/include/event2 -I/home/g/workspace/code/firtex2/external -I/usr/local LDFLAGS=-L/home/g/workspace/code/firtex2/external/libevent/.libs LD_LIBRARY_PATH=/home/g/workspace/code/firtex2/external/libevent/.libs --cache-file=/dev/null --srcdir=.

## --------- ##
## Platform. ##
## --------- ##

hostname = g-pc
uname -m = i686
uname -r = 3.2.0-35-generic
uname -s = Linux
uname -v = #55-Ubuntu SMP Wed Dec 5 17:45:18 UTC 2012

/usr/bin/uname -p = unknown
/bin/uname -X     = unknown

/bin/arch              = unknown
/usr/bin/arch -k       = unknown
/usr/convex/getsysinfo = unknown
/usr/bin/hostinfo      = unknown
/bin/machine           = unknown
/usr/bin/oslevel       = unknown
/bin/universe          = unknown

PATH: /usr/lib/lightdm/lightdm
PATH: /usr/local/sbin
PATH: /usr/local/bin
PATH: /usr/sbin
PATH: /usr/bin
PATH: /sbin
PATH: /bin
PATH: /usr/games
PATH: /usr/lib/jvm/java-6-openjdk/bin


## ----------- ##
## Core tests. ##
## ----------- ##

configure:2271: checking for a BSD-compatible install
configure:2339: result: /usr/bin/install -c
configure:2350: checking whether build environment is sane
configure:2400: result: yes
configure:2541: checking for a thread-safe mkdir -p
configure:2580: result: /bin/mkdir -p
configure:2593: checking for gawk
configure:2609: found /usr/bin/gawk
configure:2620: result: gawk
configure:2631: checking whether make sets $(MAKE)
configure:2653: result: yes
configure:2799: checking for g++
configure:2815: found /usr/bin/g++
configure:2826: result: g++
configure:2853: checking for C++ compiler version
configure:2862: g++ --version >&5
g++ (Ubuntu/Linaro 4.6.3-1ubuntu5) 4.6.3
Copyright (C) 2011 Free Software Foundation, Inc.
This is free software; see the source for copying conditions.  There is NO
warranty; not even for MERCHANTABILITY or FITNESS FOR A PARTICULAR PURPOSE.

configure:2873: $? = 0
configure:2862: g++ -v >&5
Using built-in specs.
COLLECT_GCC=g++
COLLECT_LTO_WRAPPER=/usr/lib/gcc/i686-linux-gnu/4.6/lto-wrapper
Target: i686-linux-gnu
Configured with: ../src/configure -v --with-pkgversion='Ubuntu/Linaro 4.6.3-1ubuntu5' --with-bugurl=file:///usr/share/doc/gcc-4.6/README.Bugs --enable-languages=c,c++,fortran,objc,obj-c++ --prefix=/usr --program-suffix=-4.6 --enable-shared --enable-linker-build-id --with-system-zlib --libexecdir=/usr/lib --without-included-gettext --enable-threads=posix --with-gxx-include-dir=/usr/include/c++/4.6 --libdir=/usr/lib --enable-nls --with-sysroot=/ --enable-clocale=gnu --enable-libstdcxx-debug --enable-libstdcxx-time=yes --enable-gnu-unique-object --enable-plugin --enable-objc-gc --enable-targets=all --disable-werror --with-arch-32=i686 --with-tune=generic --enable-checking=release --build=i686-linux-gnu --host=i686-linux-gnu --target=i686-linux-gnu
Thread model: posix
gcc version 4.6.3 (Ubuntu/Linaro 4.6.3-1ubuntu5) 
configure:2873: $? = 0
configure:2862: g++ -V >&5
g++: error: unrecognized option '-V'
g++: fatal error: no input files
compilation terminated.
configure:2873: $? = 4
configure:2862: g++ -qversion >&5
g++: error: unrecognized option '-qversion'
g++: fatal error: no input files
compilation terminated.
configure:2873: $? = 4
configure:2893: checking whether the C++ compiler works
configure:2915: g++  -I/home/g/workspace/code/firtex2/external/libevent -I/home/g/workspace/code/firtex2/external/libevent/include -I/home/g/workspace/code/firtex2/external/libevent/include/event2 -I/home/g/workspace/code/firtex2/external -I/usr/local -L/home/g/workspace/code/firtex2/external/libevent/.libs conftest.cpp  >&5
configure:2919: $? = 0
configure:2967: result: yes
configure:2970: checking for C++ compiler default output file name
configure:2972: result: a.out
configure:2978: checking for suffix of executables
configure:2985: g++ -o conftest  -I/home/g/workspace/code/firtex2/external/libevent -I/home/g/workspace/code/firtex2/external/libevent/include -I/home/g/workspace/code/firtex2/external/libevent/include/event2 -I/home/g/workspace/code/firtex2/external -I/usr/local -L/home/g/workspace/code/firtex2/external/libevent/.libs conftest.cpp  >&5
configure:2989: $? = 0
configure:3011: result: 
configure:3033: checking whether we are cross compiling
configure:3041: g++ -o conftest  -I/home/g/workspace/code/firtex2/external/libevent -I/home/g/workspace/code/firtex2/external/libevent/include -I/home/g/workspace/code/firtex2/external/libevent/include/event2 -I/home/g/workspace/code/firtex2/external -I/usr/local -L/home/g/workspace/code/firtex2/external/libevent/.libs conftest.cpp  >&5
configure:3045: $? = 0
configure:3052: ./conftest
configure:3056: $? = 0
configure:3071: result: no
configure:3076: checking for suffix of object files
configure:3098: g++ -c  -I/home/g/workspace/code/firtex2/external/libevent -I/home/g/workspace/code/firtex2/external/libevent/include -I/home/g/workspace/code/firtex2/external/libevent/include/event2 -I/home/g/workspace/code/firtex2/external -I/usr/local conftest.cpp >&5
configure:3102: $? = 0
configure:3123: result: o
configure:3127: checking whether we are using the GNU C++ compiler
configure:3146: g++ -c  -I/home/g/workspace/code/firtex2/external/libevent -I/home/g/workspace/code/firtex2/external/libevent/include -I/home/g/workspace/code/firtex2/external/libevent/include/event2 -I/home/g/workspace/code/firtex2/external -I/usr/local conftest.cpp >&5
configure:3146: $? = 0
configure:3155: result: yes
configure:3164: checking whether g++ accepts -g
configure:3184: g++ -c -g -I/home/g/workspace/code/firtex2/external/libevent -I/home/g/workspace/code/firtex2/external/libevent/include -I/home/g/workspace/code/firtex2/external/libevent/include/event2 -I/home/g/workspace/code/firtex2/external -I/usr/local conftest.cpp >&5
configure:3184: $? = 0
configure:3225: result: yes
configure:3259: checking for style of include used by make
configure:3287: result: GNU
configure:3313: checking dependency style of g++
configure:3424: result: gcc3
configure:3487: checking for gcc
configure:3503: found /usr/bin/gcc
configure:3514: result: gcc
configure:3743: checking for C compiler version
configure:3752: gcc --version >&5
gcc (Ubuntu/Linaro 4.6.3-1ubuntu5) 4.6.3
Copyright (C) 2011 Free Software Foundation, Inc.
This is free software; see the source for copying conditions.  There is NO
warranty; not even for MERCHANTABILITY or FITNESS FOR A PARTICULAR PURPOSE.

configure:3763: $? = 0
configure:3752: gcc -v >&5
Using built-in specs.
COLLECT_GCC=gcc
COLLECT_LTO_WRAPPER=/usr/lib/gcc/i686-linux-gnu/4.6/lto-wrapper
Target: i686-linux-gnu
Configured with: ../src/configure -v --with-pkgversion='Ubuntu/Linaro 4.6.3-1ubuntu5' --with-bugurl=file:///usr/share/doc/gcc-4.6/README.Bugs --enable-languages=c,c++,fortran,objc,obj-c++ --prefix=/usr --program-suffix=-4.6 --enable-shared --enable-linker-build-id --with-system-zlib --libexecdir=/usr/lib --without-included-gettext --enable-threads=posix --with-gxx-include-dir=/usr/include/c++/4.6 --libdir=/usr/lib --enable-nls --with-sysroot=/ --enable-clocale=gnu --enable-libstdcxx-debug --enable-libstdcxx-time=yes --enable-gnu-unique-object --enable-plugin --enable-objc-gc --enable-targets=all --disable-werror --with-arch-32=i686 --with-tune=generic --enable-checking=release --build=i686-linux-gnu --host=i686-linux-gnu --target=i686-linux-gnu
Thread model: posix
gcc version 4.6.3 (Ubuntu/Linaro 4.6.3-1ubuntu5) 
configure:3763: $? = 0
configure:3752: gcc -V >&5
gcc: error: unrecognized option '-V'
gcc: fatal error: no input files
compilation terminated.
configure:3763: $? = 4
configure:3752: gcc -qversion >&5
gcc: error: unrecognized option '-qversion'
gcc: fatal error: no input files
compilation terminated.
configure:3763: $? = 4
configure:3767: checking whether we are using the GNU C compiler
configure:3786: gcc -c  -I/home/g/workspace/code/firtex2/external/libevent -I/home/g/workspace/code/firtex2/external/libevent/include -I/home/g/workspace/code/firtex2/external/libevent/include/event2 -I/home/g/workspace/code/firtex2/external -I/usr/local conftest.c >&5
configure:3786: $? = 0
configure:3795: result: yes
configure:3804: checking whether gcc accepts -g
configure:3824: gcc -c -g -I/home/g/workspace/code/firtex2/external/libevent -I/home/g/workspace/code/firtex2/external/libevent/include -I/home/g/workspace/code/firtex2/external/libevent/include/event2 -I/home/g/workspace/code/firtex2/external -I/usr/local conftest.c >&5
configure:3824: $? = 0
configure:3865: result: yes
configure:3882: checking for gcc option to accept ISO C89
configure:3946: gcc  -c -g -O2 -I/home/g/workspace/code/firtex2/external/libevent -I/home/g/workspace/code/firtex2/external/libevent/include -I/home/g/workspace/code/firtex2/external/libevent/include/event2 -I/home/g/workspace/code/firtex2/external -I/usr/local conftest.c >&5
configure:3946: $? = 0
configure:3959: result: none needed
configure:3981: checking dependency style of gcc
configure:4092: result: gcc3
configure:4140: checking build system type
configure:4154: result: i686-pc-linux-gnu
configure:4174: checking host system type
configure:4187: result: i686-pc-linux-gnu
configure:4228: checking how to print strings
configure:4255: result: printf
configure:4276: checking for a sed that does not truncate output
configure:4340: result: /bin/sed
configure:4358: checking for grep that handles long lines and -e
configure:4416: result: /bin/grep
configure:4421: checking for egrep
configure:4483: result: /bin/grep -E
configure:4488: checking for fgrep
configure:4550: result: /bin/grep -F
configure:4585: checking for ld used by gcc
configure:4652: result: /usr/bin/ld
configure:4659: checking if the linker (/usr/bin/ld) is GNU ld
configure:4674: result: yes
configure:4686: checking for BSD- or MS-compatible name lister (nm)
configure:4735: result: /usr/bin/nm -B
configure:4865: checking the name lister (/usr/bin/nm -B) interface
configure:4872: g++ -c -g -O2 -I/home/g/workspace/code/firtex2/external/libevent -I/home/g/workspace/code/firtex2/external/libevent/include -I/home/g/workspace/code/firtex2/external/libevent/include/event2 -I/home/g/workspace/code/firtex2/external -I/usr/local conftest.cpp >&5
configure:4875: /usr/bin/nm -B "conftest.o"
configure:4878: output
00000000 B some_variable
configure:4885: result: BSD nm
configure:4888: checking whether ln -s works
configure:4892: result: yes
configure:4900: checking the maximum length of command line arguments
configure:5030: result: 1572864
configure:5047: checking whether the shell understands some XSI constructs
configure:5057: result: yes
configure:5061: checking whether the shell understands "+="
configure:5067: result: yes
configure:5102: checking how to convert i686-pc-linux-gnu file names to i686-pc-linux-gnu format
configure:5142: result: func_convert_file_noop
configure:5149: checking how to convert i686-pc-linux-gnu file names to toolchain format
configure:5169: result: func_convert_file_noop
configure:5176: checking for /usr/bin/ld option to reload object files
configure:5183: result: -r
configure:5257: checking for objdump
configure:5273: found /usr/bin/objdump
configure:5284: result: objdump
configure:5316: checking how to recognize dependent libraries
configure:5518: result: pass_all
configure:5603: checking for dlltool
configure:5633: result: no
configure:5663: checking how to associate runtime and link libraries
configure:5690: result: printf %s\n
configure:5751: checking for ar
configure:5767: found /usr/bin/ar
configure:5778: result: ar
configure:5815: checking for archiver @FILE support
configure:5832: g++ -c -g -O2 -I/home/g/workspace/code/firtex2/external/libevent -I/home/g/workspace/code/firtex2/external/libevent/include -I/home/g/workspace/code/firtex2/external/libevent/include/event2 -I/home/g/workspace/code/firtex2/external -I/usr/local conftest.cpp >&5
configure:5832: $? = 0
configure:5835: ar cru libconftest.a @conftest.lst >&5
configure:5838: $? = 0
configure:5843: ar cru libconftest.a @conftest.lst >&5
ar: conftest.o: No such file or directory
configure:5846: $? = 1
configure:5858: result: @
configure:5916: checking for strip
configure:5932: found /usr/bin/strip
configure:5943: result: strip
configure:6015: checking for ranlib
configure:6031: found /usr/bin/ranlib
configure:6042: result: ranlib
configure:6144: checking command to parse /usr/bin/nm -B output from gcc object
configure:6264: g++ -c -g -O2 -I/home/g/workspace/code/firtex2/external/libevent -I/home/g/workspace/code/firtex2/external/libevent/include -I/home/g/workspace/code/firtex2/external/libevent/include/event2 -I/home/g/workspace/code/firtex2/external -I/usr/local conftest.cpp >&5
configure:6267: $? = 0
configure:6271: /usr/bin/nm -B conftest.o \| sed -n -e 's/^.*[ ]\([ABCDGIRSTW][ABCDGIRSTW]*\)[ ][ ]*\([_A-Za-z][_A-Za-z0-9]*\)$/\1 \2 \2/p' | sed '/ __gnu_lto/d' \> conftest.nm
configure:6274: $? = 0
configure:6340: g++ -o conftest -g -O2 -I/home/g/workspace/code/firtex2/external/libevent -I/home/g/workspace/code/firtex2/external/libevent/include -I/home/g/workspace/code/firtex2/external/libevent/include/event2 -I/home/g/workspace/code/firtex2/external -I/usr/local -L/home/g/workspace/code/firtex2/external/libevent/.libs conftest.cpp conftstm.o >&5
configure:6343: $? = 0
configure:6381: result: ok
configure:6418: checking for sysroot
configure:6448: result: no
configure:6705: checking for mt
configure:6721: found /bin/mt
configure:6732: result: mt
configure:6755: checking if mt is a manifest tool
configure:6761: mt '-?'
configure:6769: result: no
configure:7411: checking how to run the C preprocessor
configure:7442: gcc -E -I/home/g/workspace/code/firtex2/external/libevent -I/home/g/workspace/code/firtex2/external/libevent/include -I/home/g/workspace/code/firtex2/external/libevent/include/event2 -I/home/g/workspace/code/firtex2/external -I/usr/local conftest.c
configure:7442: $? = 0
configure:7456: gcc -E -I/home/g/workspace/code/firtex2/external/libevent -I/home/g/workspace/code/firtex2/external/libevent/include -I/home/g/workspace/code/firtex2/external/libevent/include/event2 -I/home/g/workspace/code/firtex2/external -I/usr/local conftest.c
conftest.c:11:28: fatal error: ac_nonexistent.h: No such file or directory
compilation terminated.
configure:7456: $? = 1
configure: failed program was:
| /* confdefs.h */
| #define PACKAGE_NAME ""
| #define PACKAGE_TARNAME ""
| #define PACKAGE_VERSION ""
| #define PACKAGE_STRING ""
| #define PACKAGE_BUGREPORT ""
| #define PACKAGE_URL ""
| #define PACKAGE "firtex-contrib"
| #define VERSION "2.0.0"
| /* end confdefs.h.  */
| #include <ac_nonexistent.h>
configure:7481: result: gcc -E
configure:7501: gcc -E -I/home/g/workspace/code/firtex2/external/libevent -I/home/g/workspace/code/firtex2/external/libevent/include -I/home/g/workspace/code/firtex2/external/libevent/include/event2 -I/home/g/workspace/code/firtex2/external -I/usr/local conftest.c
configure:7501: $? = 0
configure:7515: gcc -E -I/home/g/workspace/code/firtex2/external/libevent -I/home/g/workspace/code/firtex2/external/libevent/include -I/home/g/workspace/code/firtex2/external/libevent/include/event2 -I/home/g/workspace/code/firtex2/external -I/usr/local conftest.c
conftest.c:11:28: fatal error: ac_nonexistent.h: No such file or directory
compilation terminated.
configure:7515: $? = 1
configure: failed program was:
| /* confdefs.h */
| #define PACKAGE_NAME ""
| #define PACKAGE_TARNAME ""
| #define PACKAGE_VERSION ""
| #define PACKAGE_STRING ""
| #define PACKAGE_BUGREPORT ""
| #define PACKAGE_URL ""
| #define PACKAGE "firtex-contrib"
| #define VERSION "2.0.0"
| /* end confdefs.h.  */
| #include <ac_nonexistent.h>
configure:7544: checking for ANSI C header files
configure:7564: gcc -c -g -O2 -I/home/g/workspace/code/firtex2/external/libevent -I/home/g/workspace/code/firtex2/external/libevent/include -I/home/g/workspace/code/firtex2/external/libevent/include/event2 -I/home/g/workspace/code/firtex2/external -I/usr/local conftest.c >&5
configure:7564: $? = 0
configure:7637: gcc -o conftest -g -O2 -I/home/g/workspace/code/firtex2/external/libevent -I/home/g/workspace/code/firtex2/external/libevent/include -I/home/g/workspace/code/firtex2/external/libevent/include/event2 -I/home/g/workspace/code/firtex2/external -I/usr/local -L/home/g/workspace/code/firtex2/external/libevent/.libs conftest.c  >&5
configure:7637: $? = 0
configure:7637: ./conftest
configure:7637: $? = 0
configure:7648: result: yes
configure:7661: checking for sys/types.h
configure:7661: gcc -c -g -O2 -I/home/g/workspace/code/firtex2/external/libevent -I/home/g/workspace/code/firtex2/external/libevent/include -I/home/g/workspace/code/firtex2/external/libevent/include/event2 -I/home/g/workspace/code/firtex2/external -I/usr/local conftest.c >&5
configure:7661: $? = 0
configure:7661: result: yes
configure:7661: checking for sys/stat.h
configure:7661: gcc -c -g -O2 -I/home/g/workspace/code/firtex2/external/libevent -I/home/g/workspace/code/firtex2/external/libevent/include -I/home/g/workspace/code/firtex2/external/libevent/include/event2 -I/home/g/workspace/code/firtex2/external -I/usr/local conftest.c >&5
configure:7661: $? = 0
configure:7661: result: yes
configure:7661: checking for stdlib.h
configure:7661: gcc -c -g -O2 -I/home/g/workspace/code/firtex2/external/libevent -I/home/g/workspace/code/firtex2/external/libevent/include -I/home/g/workspace/code/firtex2/external/libevent/include/event2 -I/home/g/workspace/code/firtex2/external -I/usr/local conftest.c >&5
configure:7661: $? = 0
configure:7661: result: yes
configure:7661: checking for string.h
configure:7661: gcc -c -g -O2 -I/home/g/workspace/code/firtex2/external/libevent -I/home/g/workspace/code/firtex2/external/libevent/include -I/home/g/workspace/code/firtex2/external/libevent/include/event2 -I/home/g/workspace/code/firtex2/external -I/usr/local conftest.c >&5
configure:7661: $? = 0
configure:7661: result: yes
configure:7661: checking for memory.h
configure:7661: gcc -c -g -O2 -I/home/g/workspace/code/firtex2/external/libevent -I/home/g/workspace/code/firtex2/external/libevent/include -I/home/g/workspace/code/firtex2/external/libevent/include/event2 -I/home/g/workspace/code/firtex2/external -I/usr/local conftest.c >&5
configure:7661: $? = 0
configure:7661: result: yes
configure:7661: checking for strings.h
configure:7661: gcc -c -g -O2 -I/home/g/workspace/code/firtex2/external/libevent -I/home/g/workspace/code/firtex2/external/libevent/include -I/home/g/workspace/code/firtex2/external/libevent/include/event2 -I/home/g/workspace/code/firtex2/external -I/usr/local conftest.c >&5
configure:7661: $? = 0
configure:7661: result: yes
configure:7661: checking for inttypes.h
configure:7661: gcc -c -g -O2 -I/home/g/workspace/code/firtex2/external/libevent -I/home/g/workspace/code/firtex2/external/libevent/include -I/home/g/workspace/code/firtex2/external/libevent/include/event2 -I/home/g/workspace/code/firtex2/external -I/usr/local conftest.c >&5
configure:7661: $? = 0
configure:7661: result: yes
configure:7661: checking for stdint.h
configure:7661: gcc -c -g -O2 -I/home/g/workspace/code/firtex2/external/libevent -I/home/g/workspace/code/firtex2/external/libevent/include -I/home/g/workspace/code/firtex2/external/libevent/include/event2 -I/home/g/workspace/code/firtex2/external -I/usr/local conftest.c >&5
configure:7661: $? = 0
configure:7661: result: yes
configure:7661: checking for unistd.h
configure:7661: gcc -c -g -O2 -I/home/g/workspace/code/firtex2/external/libevent -I/home/g/workspace/code/firtex2/external/libevent/include -I/home/g/workspace/code/firtex2/external/libevent/include/event2 -I/home/g/workspace/code/firtex2/external -I/usr/local conftest.c >&5
configure:7661: $? = 0
configure:7661: result: yes
configure:7675: checking for dlfcn.h
configure:7675: gcc -c -g -O2 -I/home/g/workspace/code/firtex2/external/libevent -I/home/g/workspace/code/firtex2/external/libevent/include -I/home/g/workspace/code/firtex2/external/libevent/include/event2 -I/home/g/workspace/code/firtex2/external -I/usr/local conftest.c >&5
configure:7675: $? = 0
configure:7675: result: yes
configure:7889: checking for objdir
configure:7904: result: .libs
configure:8171: checking if gcc supports -fno-rtti -fno-exceptions
configure:8189: gcc -c -g -O2 -I/home/g/workspace/code/firtex2/external/libevent -I/home/g/workspace/code/firtex2/external/libevent/include -I/home/g/workspace/code/firtex2/external/libevent/include/event2 -I/home/g/workspace/code/firtex2/external -I/usr/local -fno-rtti -fno-exceptions conftest.c >&5
cc1: warning: command line option '-fno-rtti' is valid for C++/ObjC++ but not for C [enabled by default]
configure:8193: $? = 0
configure:8206: result: no
configure:8533: checking for gcc option to produce PIC
configure:8540: result: -fPIC -DPIC
configure:8548: checking if gcc PIC flag -fPIC -DPIC works
configure:8566: gcc -c -g -O2 -I/home/g/workspace/code/firtex2/external/libevent -I/home/g/workspace/code/firtex2/external/libevent/include -I/home/g/workspace/code/firtex2/external/libevent/include/event2 -I/home/g/workspace/code/firtex2/external -I/usr/local -fPIC -DPIC -DPIC conftest.c >&5
configure:8570: $? = 0
configure:8583: result: yes
configure:8612: checking if gcc static flag -static works
configure:8640: result: yes
configure:8655: checking if gcc supports -c -o file.o
configure:8676: gcc -c -g -O2 -I/home/g/workspace/code/firtex2/external/libevent -I/home/g/workspace/code/firtex2/external/libevent/include -I/home/g/workspace/code/firtex2/external/libevent/include/event2 -I/home/g/workspace/code/firtex2/external -I/usr/local -o out/conftest2.o conftest.c >&5
configure:8680: $? = 0
configure:8702: result: yes
configure:8710: checking if gcc supports -c -o file.o
configure:8757: result: yes
configure:8790: checking whether the gcc linker (/usr/bin/ld) supports shared libraries
configure:9947: result: yes
configure:9984: checking whether -lc should be explicitly linked in
configure:9992: gcc -c -g -O2 -I/home/g/workspace/code/firtex2/external/libevent -I/home/g/workspace/code/firtex2/external/libevent/include -I/home/g/workspace/code/firtex2/external/libevent/include/event2 -I/home/g/workspace/code/firtex2/external -I/usr/local conftest.c >&5
configure:9995: $? = 0
configure:10010: gcc -shared  -fPIC -DPIC conftest.o  -v -Wl,-soname -Wl,conftest -o conftest 2\>\&1 \| /bin/grep  -lc  \>/dev/null 2\>\&1
configure:10013: $? = 0
configure:10027: result: no
configure:10187: checking dynamic linker characteristics
configure:10698: gcc -o conftest -g -O2 -I/home/g/workspace/code/firtex2/external/libevent -I/home/g/workspace/code/firtex2/external/libevent/include -I/home/g/workspace/code/firtex2/external/libevent/include/event2 -I/home/g/workspace/code/firtex2/external -I/usr/local -L/home/g/workspace/code/firtex2/external/libevent/.libs -Wl,-rpath -Wl,/foo conftest.c  >&5
configure:10698: $? = 0
configure:10932: result: GNU/Linux ld.so
configure:11039: checking how to hardcode library paths into programs
configure:11064: result: immediate
configure:11158: checking for shl_load
configure:11158: gcc -o conftest -g -O2 -I/home/g/workspace/code/firtex2/external/libevent -I/home/g/workspace/code/firtex2/external/libevent/include -I/home/g/workspace/code/firtex2/external/libevent/include/event2 -I/home/g/workspace/code/firtex2/external -I/usr/local -L/home/g/workspace/code/firtex2/external/libevent/.libs conftest.c  >&5
/tmp/ccEzVQB0.o: In function `main':
/home/g/workspace/code/firtex2/contrib/conftest.c:57: undefined reference to `shl_load'
collect2: ld returned 1 exit status
configure:11158: $? = 1
configure: failed program was:
| /* confdefs.h */
| #define PACKAGE_NAME ""
| #define PACKAGE_TARNAME ""
| #define PACKAGE_VERSION ""
| #define PACKAGE_STRING ""
| #define PACKAGE_BUGREPORT ""
| #define PACKAGE_URL ""
| #define PACKAGE "firtex-contrib"
| #define VERSION "2.0.0"
| #define STDC_HEADERS 1
| #define HAVE_SYS_TYPES_H 1
| #define HAVE_SYS_STAT_H 1
| #define HAVE_STDLIB_H 1
| #define HAVE_STRING_H 1
| #define HAVE_MEMORY_H 1
| #define HAVE_STRINGS_H 1
| #define HAVE_INTTYPES_H 1
| #define HAVE_STDINT_H 1
| #define HAVE_UNISTD_H 1
| #define HAVE_DLFCN_H 1
| #define LT_OBJDIR ".libs/"
| /* end confdefs.h.  */
| /* Define shl_load to an innocuous variant, in case <limits.h> declares shl_load.
|    For example, HP-UX 11i <limits.h> declares gettimeofday.  */
| #define shl_load innocuous_shl_load
| 
| /* System header to define __stub macros and hopefully few prototypes,
|     which can conflict with char shl_load (); below.
|     Prefer <limits.h> to <assert.h> if __STDC__ is defined, since
|     <limits.h> exists even on freestanding compilers.  */
| 
| #ifdef __STDC__
| # include <limits.h>
| #else
| # include <assert.h>
| #endif
| 
| #undef shl_load
| 
| /* Override any GCC internal prototype to avoid an error.
|    Use char because int might match the return type of a GCC
|    builtin and then its argument prototype would still apply.  */
| #ifdef __cplusplus
| extern "C"
| #endif
| char shl_load ();
| /* The GNU C library defines this for functions which it implements
|     to always fail with ENOSYS.  Some functions are actually named
|     something starting with __ and the normal name is an alias.  */
| #if defined __stub_shl_load || defined __stub___shl_load
| choke me
| #endif
| 
| int
| main ()
| {
| return shl_load ();
|   ;
|   return 0;
| }
configure:11158: result: no
configure:11162: checking for shl_load in -ldld
configure:11187: gcc -o conftest -g -O2 -I/home/g/workspace/code/firtex2/external/libevent -I/home/g/workspace/code/firtex2/external/libevent/include -I/home/g/workspace/code/firtex2/external/libevent/include/event2 -I/home/g/workspace/code/firtex2/external -I/usr/local -L/home/g/workspace/code/firtex2/external/libevent/.libs conftest.c -ldld   >&5
/usr/bin/ld: cannot find -ldld
collect2: ld returned 1 exit status
configure:11187: $? = 1
configure: failed program was:
| /* confdefs.h */
| #define PACKAGE_NAME ""
| #define PACKAGE_TARNAME ""
| #define PACKAGE_VERSION ""
| #define PACKAGE_STRING ""
| #define PACKAGE_BUGREPORT ""
| #define PACKAGE_URL ""
| #define PACKAGE "firtex-contrib"
| #define VERSION "2.0.0"
| #define STDC_HEADERS 1
| #define HAVE_SYS_TYPES_H 1
| #define HAVE_SYS_STAT_H 1
| #define HAVE_STDLIB_H 1
| #define HAVE_STRING_H 1
| #define HAVE_MEMORY_H 1
| #define HAVE_STRINGS_H 1
| #define HAVE_INTTYPES_H 1
| #define HAVE_STDINT_H 1
| #define HAVE_UNISTD_H 1
| #define HAVE_DLFCN_H 1
| #define LT_OBJDIR ".libs/"
| /* end confdefs.h.  */
| 
| /* Override any GCC internal prototype to avoid an error.
|    Use char because int might match the return type of a GCC
|    builtin and then its argument prototype would still apply.  */
| #ifdef __cplusplus
| extern "C"
| #endif
| char shl_load ();
| int
| main ()
| {
| return shl_load ();
|   ;
|   return 0;
| }
configure:11196: result: no
configure:11201: checking for dlopen
configure:11201: gcc -o conftest -g -O2 -I/home/g/workspace/code/firtex2/external/libevent -I/home/g/workspace/code/firtex2/external/libevent/include -I/home/g/workspace/code/firtex2/external/libevent/include/event2 -I/home/g/workspace/code/firtex2/external -I/usr/local -L/home/g/workspace/code/firtex2/external/libevent/.libs conftest.c  >&5
/tmp/cc9f5JI8.o: In function `main':
/home/g/workspace/code/firtex2/contrib/conftest.c:57: undefined reference to `dlopen'
collect2: ld returned 1 exit status
configure:11201: $? = 1
configure: failed program was:
| /* confdefs.h */
| #define PACKAGE_NAME ""
| #define PACKAGE_TARNAME ""
| #define PACKAGE_VERSION ""
| #define PACKAGE_STRING ""
| #define PACKAGE_BUGREPORT ""
| #define PACKAGE_URL ""
| #define PACKAGE "firtex-contrib"
| #define VERSION "2.0.0"
| #define STDC_HEADERS 1
| #define HAVE_SYS_TYPES_H 1
| #define HAVE_SYS_STAT_H 1
| #define HAVE_STDLIB_H 1
| #define HAVE_STRING_H 1
| #define HAVE_MEMORY_H 1
| #define HAVE_STRINGS_H 1
| #define HAVE_INTTYPES_H 1
| #define HAVE_STDINT_H 1
| #define HAVE_UNISTD_H 1
| #define HAVE_DLFCN_H 1
| #define LT_OBJDIR ".libs/"
| /* end confdefs.h.  */
| /* Define dlopen to an innocuous variant, in case <limits.h> declares dlopen.
|    For example, HP-UX 11i <limits.h> declares gettimeofday.  */
| #define dlopen innocuous_dlopen
| 
| /* System header to define __stub macros and hopefully few prototypes,
|     which can conflict with char dlopen (); below.
|     Prefer <limits.h> to <assert.h> if __STDC__ is defined, since
|     <limits.h> exists even on freestanding compilers.  */
| 
| #ifdef __STDC__
| # include <limits.h>
| #else
| # include <assert.h>
| #endif
| 
| #undef dlopen
| 
| /* Override any GCC internal prototype to avoid an error.
|    Use char because int might match the return type of a GCC
|    builtin and then its argument prototype would still apply.  */
| #ifdef __cplusplus
| extern "C"
| #endif
| char dlopen ();
| /* The GNU C library defines this for functions which it implements
|     to always fail with ENOSYS.  Some functions are actually named
|     something starting with __ and the normal name is an alias.  */
| #if defined __stub_dlopen || defined __stub___dlopen
| choke me
| #endif
| 
| int
| main ()
| {
| return dlopen ();
|   ;
|   return 0;
| }
configure:11201: result: no
configure:11205: checking for dlopen in -ldl
configure:11230: gcc -o conftest -g -O2 -I/home/g/workspace/code/firtex2/external/libevent -I/home/g/workspace/code/firtex2/external/libevent/include -I/home/g/workspace/code/firtex2/external/libevent/include/event2 -I/home/g/workspace/code/firtex2/external -I/usr/local -L/home/g/workspace/code/firtex2/external/libevent/.libs conftest.c -ldl   >&5
configure:11230: $? = 0
configure:11239: result: yes
configure:11358: checking whether a program can dlopen itself
configure:11438: gcc -o conftest -g -O2 -I/home/g/workspace/code/firtex2/external/libevent -I/home/g/workspace/code/firtex2/external/libevent/include -I/home/g/workspace/code/firtex2/external/libevent/include/event2 -I/home/g/workspace/code/firtex2/external -I/usr/local -DHAVE_DLFCN_H -L/home/g/workspace/code/firtex2/external/libevent/.libs -Wl,--export-dynamic conftest.c -ldl  >&5
configure:11441: $? = 0
configure:11459: result: yes
configure:11464: checking whether a statically linked program can dlopen itself
configure:11544: gcc -o conftest -g -O2 -I/home/g/workspace/code/firtex2/external/libevent -I/home/g/workspace/code/firtex2/external/libevent/include -I/home/g/workspace/code/firtex2/external/libevent/include/event2 -I/home/g/workspace/code/firtex2/external -I/usr/local -DHAVE_DLFCN_H -L/home/g/workspace/code/firtex2/external/libevent/.libs -Wl,--export-dynamic -static conftest.c -ldl  >&5
/tmp/cchIkdZc.o: In function `main':
/home/g/workspace/code/firtex2/contrib/configure:11523: warning: Using 'dlopen' in statically linked applications requires at runtime the shared libraries from the glibc version used for linking
/usr/bin/ld: dynamic STT_GNU_IFUNC symbol `strcmp' with pointer equality in `/usr/lib/gcc/i686-linux-gnu/4.6/../../../i386-linux-gnu/libc.a(strcmp.o)' can not be used when making an executable; recompile with -fPIE and relink with -pie
collect2: ld returned 1 exit status
configure:11547: $? = 1
configure:11565: result: no
configure:11604: checking whether stripping libraries is possible
configure:11609: result: yes
configure:11644: checking if libtool supports shared libraries
configure:11646: result: yes
configure:11649: checking whether to build shared libraries
configure:11670: result: yes
configure:11673: checking whether to build static libraries
configure:11677: result: yes
configure:11700: checking how to run the C++ preprocessor
configure:11727: g++ -E -I/home/g/workspace/code/firtex2/external/libevent -I/home/g/workspace/code/firtex2/external/libevent/include -I/home/g/workspace/code/firtex2/external/libevent/include/event2 -I/home/g/workspace/code/firtex2/external -I/usr/local conftest.cpp
configure:11727: $? = 0
configure:11741: g++ -E -I/home/g/workspace/code/firtex2/external/libevent -I/home/g/workspace/code/firtex2/external/libevent/include -I/home/g/workspace/code/firtex2/external/libevent/include/event2 -I/home/g/workspace/code/firtex2/external -I/usr/local conftest.cpp
conftest.cpp:23:28: fatal error: ac_nonexistent.h: No such file or directory
compilation terminated.
configure:11741: $? = 1
configure: failed program was:
| /* confdefs.h */
| #define PACKAGE_NAME ""
| #define PACKAGE_TARNAME ""
| #define PACKAGE_VERSION ""
| #define PACKAGE_STRING ""
| #define PACKAGE_BUGREPORT ""
| #define PACKAGE_URL ""
| #define PACKAGE "firtex-contrib"
| #define VERSION "2.0.0"
| #define STDC_HEADERS 1
| #define HAVE_SYS_TYPES_H 1
| #define HAVE_SYS_STAT_H 1
| #define HAVE_STDLIB_H 1
| #define HAVE_STRING_H 1
| #define HAVE_MEMORY_H 1
| #define HAVE_STRINGS_H 1
| #define HAVE_INTTYPES_H 1
| #define HAVE_STDINT_H 1
| #define HAVE_UNISTD_H 1
| #define HAVE_DLFCN_H 1
| #define LT_OBJDIR ".libs/"
| /* end confdefs.h.  */
| #include <ac_nonexistent.h>
configure:11766: result: g++ -E
configure:11786: g++ -E -I/home/g/workspace/code/firtex2/external/libevent -I/home/g/workspace/code/firtex2/external/libevent/include -I/home/g/workspace/code/firtex2/external/libevent/include/event2 -I/home/g/workspace/code/firtex2/external -I/usr/local conftest.cpp
configure:11786: $? = 0
configure:11800: g++ -E -I/home/g/workspace/code/firtex2/external/libevent -I/home/g/workspace/code/firtex2/external/libevent/include -I/home/g/workspace/code/firtex2/external/libevent/include/event2 -I/home/g/workspace/code/firtex2/external -I/usr/local conftest.cpp
conftest.cpp:23:28: fatal error: ac_nonexistent.h: No such file or directory
compilation terminated.
configure:11800: $? = 1
configure: failed program was:
| /* confdefs.h */
| #define PACKAGE_NAME ""
| #define PACKAGE_TARNAME ""
| #define PACKAGE_VERSION ""
| #define PACKAGE_STRING ""
| #define PACKAGE_BUGREPORT ""
| #define PACKAGE_URL ""
| #define PACKAGE "firtex-contrib"
| #define VERSION "2.0.0"
| #define STDC_HEADERS 1
| #define HAVE_SYS_TYPES_H 1
| #define HAVE_SYS_STAT_H 1
| #define HAVE_STDLIB_H 1
| #define HAVE_STRING_H 1
| #define HAVE_MEMORY_H 1
| #define HAVE_STRINGS_H 1
| #define HAVE_INTTYPES_H 1
| #define HAVE_STDINT_H 1
| #define HAVE_UNISTD_H 1
| #define HAVE_DLFCN_H 1
| #define LT_OBJDIR ".libs/"
| /* end confdefs.h.  */
| #include <ac_nonexistent.h>
configure:11969: checking for ld used by g++
configure:12036: result: /usr/bin/ld
configure:12043: checking if the linker (/usr/bin/ld) is GNU ld
configure:12058: result: yes
configure:12113: checking whether the g++ linker (/usr/bin/ld) supports shared libraries
configure:13118: result: yes
configure:13154: g++ -c -g -O2 -I/home/g/workspace/code/firtex2/external/libevent -I/home/g/workspace/code/firtex2/external/libevent/include -I/home/g/workspace/code/firtex2/external/libevent/include/event2 -I/home/g/workspace/code/firtex2/external -I/usr/local conftest.cpp >&5
configure:13157: $? = 0
configure:13677: checking for g++ option to produce PIC
configure:13684: result: -fPIC -DPIC
configure:13692: checking if g++ PIC flag -fPIC -DPIC works
configure:13710: g++ -c -g -O2 -I/home/g/workspace/code/firtex2/external/libevent -I/home/g/workspace/code/firtex2/external/libevent/include -I/home/g/workspace/code/firtex2/external/libevent/include/event2 -I/home/g/workspace/code/firtex2/external -I/usr/local -fPIC -DPIC -DPIC conftest.cpp >&5
configure:13714: $? = 0
configure:13727: result: yes
configure:13750: checking if g++ static flag -static works
configure:13778: result: yes
configure:13790: checking if g++ supports -c -o file.o
configure:13811: g++ -c -g -O2 -I/home/g/workspace/code/firtex2/external/libevent -I/home/g/workspace/code/firtex2/external/libevent/include -I/home/g/workspace/code/firtex2/external/libevent/include/event2 -I/home/g/workspace/code/firtex2/external -I/usr/local -o out/conftest2.o conftest.cpp >&5
configure:13815: $? = 0
configure:13837: result: yes
configure:13842: checking if g++ supports -c -o file.o
configure:13889: result: yes
configure:13919: checking whether the g++ linker (/usr/bin/ld) supports shared libraries
configure:13958: result: yes
configure:14099: checking dynamic linker characteristics
configure:14778: result: GNU/Linux ld.so
configure:14831: checking how to hardcode library paths into programs
configure:14856: result: immediate
configure:14918: checking whether gcc and cc understand -c and -o together
configure:14949: gcc -c conftest.cpp -o conftest2.o >&5
configure:14953: $? = 0
configure:14959: gcc -c conftest.cpp -o conftest2.o >&5
configure:14963: $? = 0
configure:14974: cc -c conftest.cpp >&5
configure:14978: $? = 0
configure:14986: cc -c conftest.cpp -o conftest2.o >&5
configure:14990: $? = 0
configure:14996: cc -c conftest.cpp -o conftest2.o >&5
configure:15000: $? = 0
configure:15018: result: yes
configure:15053: checking whether to compile debug version
configure:15064: result: no
configure:15077: checking whether to compile profile version
configure:15085: result: no
configure:15101: checking for dlopen in -ldl
configure:15135: result: yes
configure:15144: checking for pthread_create in -lpthread
configure:15169: g++ -o conftest  -Wall -g -D_FILE_OFFSET_BITS=64 -O3 -DNDEBUG -fno-strict-aliasing -msse2 -I/home/g/workspace/code/firtex2/external/libevent -I/home/g/workspace/code/firtex2/external/libevent/include -I/home/g/workspace/code/firtex2/external/libevent/include/event2 -I/home/g/workspace/code/firtex2/external -I/usr/local -L/home/g/workspace/code/firtex2/external/libevent/.libs conftest.cpp -lpthread   -ldl >&5
configure:15169: $? = 0
configure:15178: result: yes
configure:15189: checking for doxygen
configure:15205: found /usr/bin/doxygen
configure:15217: result: true
configure:15233: checking for dot
configure:15249: found /usr/bin/dot
configure:15261: result: true
configure:15417: creating ./config.status

## ---------------------- ##
## Running config.status. ##
## ---------------------- ##

This file was extended by config.status, which was
generated by GNU Autoconf 2.68.  Invocation command line was

  CONFIG_FILES    = 
  CONFIG_HEADERS  = 
  CONFIG_LINKS    = 
  CONFIG_COMMANDS = 
  $ ./config.status 

on g-pc

config.status:1163: creating Makefile
config.status:1163: creating highlighter/Makefile
config.status:1163: creating highlighter/include/Makefile
config.status:1163: creating highlighter/src/Makefile
config.status:1163: creating snowball/Makefile
config.status:1163: creating snowball/include/Makefile
config.status:1163: creating snowball/src/Makefile
config.status:1163: creating win32/Makefile
config.status:1163: creating config.h
config.status:1344: config.h is unchanged
config.status:1392: executing depfiles commands
config.status:1392: executing libtool commands

## ---------------- ##
## Cache variables. ##
## ---------------- ##

ac_cv_build=i686-pc-linux-gnu
ac_cv_c_compiler_gnu=yes
ac_cv_cxx_compiler_gnu=yes
ac_cv_env_CCC_set=
ac_cv_env_CCC_value=
ac_cv_env_CC_set=
ac_cv_env_CC_value=
ac_cv_env_CFLAGS_set=
ac_cv_env_CFLAGS_value=
ac_cv_env_CPPFLAGS_set=set
ac_cv_env_CPPFLAGS_value='-I/home/g/workspace/code/firtex2/external/libevent -I/home/g/workspace/code/firtex2/external/libevent/include -I/home/g/workspace/code/firtex2/external/libevent/include/event2 -I/home/g/workspace/code/firtex2/external -I/usr/local'
ac_cv_env_CPP_set=
ac_cv_env_CPP_value=
ac_cv_env_CXXCPP_set=
ac_cv_env_CXXCPP_value=
ac_cv_env_CXXFLAGS_set=
ac_cv_env_CXXFLAGS_value=
ac_cv_env_CXX_set=
ac_cv_env_CXX_value=
ac_cv_env_LDFLAGS_set=set
ac_cv_env_LDFLAGS_value=-L/home/g/workspace/code/firtex2/external/libevent/.libs
ac_cv_env_LIBS_set=
ac_cv_env_LIBS_value=
ac_cv_env_build_alias_set=
ac_cv_env_build_alias_value=
ac_cv_env_host_alias_set=
ac_cv_env_host_alias_value=
ac_cv_env_target_alias_set=
ac_cv_env_target_alias_value=
ac_cv_func_dlopen=no
ac_cv_func_shl_load=no
ac_cv_header_dlfcn_h=yes
ac_cv_header_inttypes_h=yes
ac_cv_header_memory_h=yes
ac_cv_header_stdc=yes
ac_cv_header_stdint_h=yes
ac_cv_header_stdlib_h=yes
ac_cv_header_string_h=yes
ac_cv_header_strings_h=yes
ac_cv_header_sys_stat_h=yes
ac_cv_header_sys_types_h=yes
ac_cv_header_unistd_h=yes
ac_cv_host=i686-pc-linux-gnu
ac_cv_lib_dl_dlopen=yes
ac_cv_lib_dld_shl_load=no
ac_cv_lib_pthread_pthread_create=yes
ac_cv_objext=o
ac_cv_path_EGREP='/bin/grep -E'
ac_cv_path_FGREP='/bin/grep -F'
ac_cv_path_GREP=/bin/grep
ac_cv_path_SED=/bin/sed
ac_cv_path_install='/usr/bin/install -c'
ac_cv_path_mkdir=/bin/mkdir
ac_cv_prog_AWK=gawk
ac_cv_prog_CPP='gcc -E'
ac_cv_prog_CXXCPP='g++ -E'
ac_cv_prog_DOT=true
ac_cv_prog_DOXYGEN=true
ac_cv_prog_ac_ct_AR=ar
ac_cv_prog_ac_ct_CC=gcc
ac_cv_prog_ac_ct_CXX=g++
ac_cv_prog_ac_ct_MANIFEST_TOOL=mt
ac_cv_prog_ac_ct_OBJDUMP=objdump
ac_cv_prog_ac_ct_RANLIB=ranlib
ac_cv_prog_ac_ct_STRIP=strip
ac_cv_prog_cc_c89=
ac_cv_prog_cc_g=yes
ac_cv_prog_cc_gcc_c_o=yes
ac_cv_prog_cxx_g=yes
ac_cv_prog_make_make_set=yes
ac_cv_use_debug=no
ac_cv_use_profile=no
am_cv_CC_dependencies_compiler_type=gcc3
am_cv_CXX_dependencies_compiler_type=gcc3
lt_cv_ar_at_file=@
lt_cv_archive_cmds_need_lc=no
lt_cv_deplibs_check_method=pass_all
lt_cv_dlopen=dlopen
lt_cv_dlopen_libs=-ldl
lt_cv_dlopen_self=yes
lt_cv_dlopen_self_static=no
lt_cv_file_magic_cmd='$MAGIC_CMD'
lt_cv_file_magic_test_file=
lt_cv_ld_reload_flag=-r
lt_cv_nm_interface='BSD nm'
lt_cv_objdir=.libs
lt_cv_path_LD=/usr/bin/ld
lt_cv_path_LDCXX=/usr/bin/ld
lt_cv_path_NM='/usr/bin/nm -B'
lt_cv_path_mainfest_tool=no
lt_cv_prog_compiler_c_o=yes
lt_cv_prog_compiler_c_o_CXX=yes
lt_cv_prog_compiler_pic='-fPIC -DPIC'
lt_cv_prog_compiler_pic_CXX='-fPIC -DPIC'
lt_cv_prog_compiler_pic_works=yes
lt_cv_prog_compiler_pic_works_CXX=yes
lt_cv_prog_compiler_rtti_exceptions=no
lt_cv_prog_compiler_static_works=yes
lt_cv_prog_compiler_static_works_CXX=yes
lt_cv_prog_gnu_ld=yes
lt_cv_prog_gnu_ldcxx=yes
lt_cv_sharedlib_from_linklib_cmd='printf %s\n'
lt_cv_shlibpath_overrides_runpath=no
lt_cv_sys_global_symbol_pipe='sed -n -e '\''s/^.*[	 ]\([ABCDGIRSTW][ABCDGIRSTW]*\)[	 ][	 ]*\([_A-Za-z][_A-Za-z0-9]*\)$/\1 \2 \2/p'\'' | sed '\''/ __gnu_lto/d'\'''
lt_cv_sys_global_symbol_to_c_name_address='sed -n -e '\''s/^: \([^ ]*\)[ ]*$/  {\"\1\", (void *) 0},/p'\'' -e '\''s/^[ABCDGIRSTW]* \([^ ]*\) \([^ ]*\)$/  {"\2", (void *) \&\2},/p'\'''
lt_cv_sys_global_symbol_to_c_name_address_lib_prefix='sed -n -e '\''s/^: \([^ ]*\)[ ]*$/  {\"\1\", (void *) 0},/p'\'' -e '\''s/^[ABCDGIRSTW]* \([^ ]*\) \(lib[^ ]*\)$/  {"\2", (void *) \&\2},/p'\'' -e '\''s/^[ABCDGIRSTW]* \([^ ]*\) \([^ ]*\)$/  {"lib\2", (void *) \&\2},/p'\'''
lt_cv_sys_global_symbol_to_cdecl='sed -n -e '\''s/^T .* \(.*\)$/extern int \1();/p'\'' -e '\''s/^[ABCDGIRSTW]* .* \(.*\)$/extern char \1;/p'\'''
lt_cv_sys_max_cmd_len=1572864
lt_cv_to_host_file_cmd=func_convert_file_noop
lt_cv_to_tool_file_cmd=func_convert_file_noop

## ----------------- ##
## Output variables. ##
## ----------------- ##

ACLOCAL='${SHELL} /home/g/workspace/code/firtex2/missing --run aclocal-1.11'
AMDEPBACKSLASH='\'
AMDEP_FALSE='#'
AMDEP_TRUE=''
AMTAR='$${TAR-tar}'
AR='ar'
AUTOCONF='${SHELL} /home/g/workspace/code/firtex2/missing --run autoconf'
AUTOHEADER='${SHELL} /home/g/workspace/code/firtex2/missing --run autoheader'
AUTOMAKE='${SHELL} /home/g/workspace/code/firtex2/missing --run automake-1.11'
AWK='gawk'
CC='gcc'
CCDEPMODE='depmode=gcc3'
CFLAGS=' -Wall -g -D_FILE_OFFSET_BITS=64 -O3 -DNDEBUG -fno-strict-aliasing -msse2'
CPP='gcc -E'
CPPFLAGS='-I/home/g/workspace/code/firtex2/external/libevent -I/home/g/workspace/code/firtex2/external/libevent/include -I/home/g/workspace/code/firtex2/external/libevent/include/event2 -I/home/g/workspace/code/firtex2/external -I/usr/local'
CXX='g++'
CXXCPP='g++ -E'
CXXDEPMODE='depmode=gcc3'
CXXFLAGS=' -Wall -g -D_FILE_OFFSET_BITS=64 -O3 -DNDEBUG -fno-strict-aliasing -msse2'
CYGPATH_W='echo'
DEFS='-DHAVE_CONFIG_H'
DEPDIR='.deps'
DLLTOOL='false'
DOT='true'
DOXYGEN='true'
DSYMUTIL=''
DUMPBIN=''
ECHO_C=''
ECHO_N='-n'
ECHO_T=''
EGREP='/bin/grep -E'
EXEEXT=''
FGREP='/bin/grep -F'
GREP='/bin/grep'
INSTALL_DATA='${INSTALL} -m 644'
INSTALL_PROGRAM='${INSTALL}'
INSTALL_SCRIPT='${INSTALL}'
INSTALL_STRIP_PROGRAM='$(install_sh) -c -s'
LD='/usr/bin/ld'
LDFLAGS='-L/home/g/workspace/code/firtex2/external/libevent/.libs'
LIBOBJS=''
LIBS=' -ldl -lpthread'
LIBTOOL='$(SHELL) $(top_builddir)/libtool'
LIPO=''
LN_S='ln -s'
LTLIBOBJS=''
MAKEINFO='${SHELL} /home/g/workspace/code/firtex2/missing --run makeinfo'
MANIFEST_TOOL=':'
MKDIR_P='/bin/mkdir -p'
NM='/usr/bin/nm -B'
NMEDIT=''
OBJDUMP='objdump'
OBJEXT='o'
OTOOL64=''
OTOOL=''
PACKAGE='firtex-contrib'
PACKAGE_BUGREPORT=''
PACKAGE_NAME=''
PACKAGE_STRING=''
PACKAGE_TARNAME=''
PACKAGE_URL=''
PACKAGE_VERSION=''
PATH_SEPARATOR=':'
RANLIB='ranlib'
SED='/bin/sed'
SET_MAKE=''
SHELL='/bin/bash'
STRIP='strip'
VERSION='2.0.0'
ac_ct_AR='ar'
ac_ct_CC='gcc'
ac_ct_CXX='g++'
ac_ct_DUMPBIN=''
am__EXEEXT_FALSE=''
am__EXEEXT_TRUE='#'
am__fastdepCC_FALSE='#'
am__fastdepCC_TRUE=''
am__fastdepCXX_FALSE='#'
am__fastdepCXX_TRUE=''
am__include='include'
am__isrc=''
am__leading_dot='.'
am__nodep='_no'
am__quote=''
am__tar='$${TAR-tar} chof - "$$tardir"'
am__untar='$${TAR-tar} xf -'
bindir='${exec_prefix}/bin'
build='i686-pc-linux-gnu'
build_alias=''
build_cpu='i686'
build_os='linux-gnu'
build_vendor='pc'
datadir='${datarootdir}'
datarootdir='${prefix}/share'
docdir='${datarootdir}/doc/${PACKAGE}'
dvidir='${docdir}'
enable_dot='yes'
enable_doxygen='yes'
exec_prefix='${prefix}'
host='i686-pc-linux-gnu'
host_alias=''
host_cpu='i686'
host_os='linux-gnu'
host_vendor='pc'
htmldir='${docdir}'
includedir='${prefix}/include'
infodir='${datarootdir}/info'
install_sh='${SHELL} /home/g/workspace/code/firtex2/install-sh'
libdir='${exec_prefix}/lib'
libexecdir='${exec_prefix}/libexec'
localedir='${datarootdir}/locale'
localstatedir='${prefix}/var'
mandir='${datarootdir}/man'
mkdir_p='/bin/mkdir -p'
oldincludedir='/usr/include'
pdfdir='${docdir}'
prefix='/usr/local'
program_transform_name='s,x,x,'
psdir='${docdir}'
sbindir='${exec_prefix}/sbin'
sharedstatedir='${prefix}/com'
sysconfdir='${prefix}/etc'
target_alias=''

## ----------- ##
## confdefs.h. ##
## ----------- ##

/* confdefs.h */
#define PACKAGE_NAME ""
#define PACKAGE_TARNAME ""
#define PACKAGE_VERSION ""
#define PACKAGE_STRING ""
#define PACKAGE_BUGREPORT ""
#define PACKAGE_URL ""
#define PACKAGE "firtex-contrib"
#define VERSION "2.0.0"
#define STDC_HEADERS 1
#define HAVE_SYS_TYPES_H 1
#define HAVE_SYS_STAT_H 1
#define HAVE_STDLIB_H 1
#define HAVE_STRING_H 1
#define HAVE_MEMORY_H 1
#define HAVE_STRINGS_H 1
#define HAVE_INTTYPES_H 1
#define HAVE_STDINT_H 1
#define HAVE_UNISTD_H 1
#define HAVE_DLFCN_H 1
#define LT_OBJDIR ".libs/"

configure: exit 0
